[15:38:16] [ServerMain/INFO]: [bootstrap] Running Java 21 (OpenJDK 64-Bit Server VM 21.0.5+11-Ubuntu-1ubuntu120.04; Ubuntu null) on Linux 6.5.0-1025-azure (amd64)
[15:38:16] [ServerMain/INFO]: [bootstrap] Loading Paper 1.21-130-master@b1b5d4c (2024-08-10T10:02:42Z) for Minecraft 1.21
[15:38:16] [ServerMain/INFO]: [PluginInitializerManager] Initializing plugins...
[15:38:16] [Paper Plugin Remapper Thread - 2/INFO]: [PluginRemapper] Remapping plugin 'plugins/SpecialPrefix-1.1e.jar'...
[15:38:16] [Paper Plugin Remapper Thread - 3/INFO]: [PluginRemapper] Remapping plugin 'plugins/ChatManager-1.21-5.jar'...
[15:38:17] [Paper Plugin Remapper Thread - 2/INFO]: [PluginRemapper] Done remapping plugin 'plugins/SpecialPrefix-1.1e.jar' in 563ms.
[15:38:17] [Paper Plugin Remapper Thread - 3/INFO]: [PluginRemapper] Done remapping plugin 'plugins/ChatManager-1.21-5.jar' in 796ms.
[15:38:17] [ServerMain/INFO]: [PluginInitializerManager] Initialized 7 plugins
[15:38:17] [ServerMain/INFO]: [PluginInitializerManager] Bukkit plugins (7):
 - ChatManager (1.21-5), DeadChest (4.21.1), Essentials (2.21.0-dev+151-f2af952), LuckPerms (5.4.150), SinglePlayerSleep (1.16_2.13.53), SkinsRestorer (15.5.0), SpecialPrefix (1.1e)
[15:38:22] [ServerMain/INFO]: Environment: Environment[sessionHost=https://sessionserver.mojang.com, servicesHost=https://api.minecraftservices.com, name=PROD]
[15:38:23] [ServerMain/INFO]: Loaded 1290 recipes
[15:38:24] [ServerMain/INFO]: Loaded 1399 advancements
[15:38:24] [Server thread/INFO]: Starting minecraft server version 1.21
[15:38:24] [Server thread/INFO]: Loading properties
[15:38:24] [Server thread/INFO]: This server is running Paper version 1.21-130-master@b1b5d4c (2024-08-10T10:02:42Z) (Implementing API version 1.21-R0.1-SNAPSHOT)
[15:38:25] [Server thread/INFO]: [spark] This server bundles the spark profiler. For more information please visit https://docs.papermc.io/paper/profiling
[15:38:25] [Server thread/INFO]: Server Ping Player Sample Count: 12
[15:38:25] [Server thread/INFO]: Using 4 threads for Netty based IO
[15:38:25] [Server thread/INFO]: [ChunkTaskScheduler] Chunk system is using 1 I/O threads, 1 worker threads, and population gen parallelism of 1 threads
[15:38:26] [Server thread/INFO]: Default game type: SURVIVAL
[15:38:26] [Server thread/INFO]: Generating keypair
[15:38:26] [Server thread/INFO]: Starting Minecraft server on *:25565
[15:38:26] [Server thread/INFO]: Using epoll channel type
[15:38:26] [Server thread/INFO]: Paper: Using libdeflate (Linux x86_64) compression from Velocity.
[15:38:26] [Server thread/INFO]: Paper: Using OpenSSL 1.1.x (Linux x86_64) cipher from Velocity.
[15:38:26] [Server thread/INFO]: [LuckPerms] Loading server plugin LuckPerms v5.4.150
[15:38:28] [Server thread/INFO]: [Essentials] Loading server plugin Essentials v2.21.0-dev+151-f2af952
[15:38:28] [Server thread/INFO]: [ChatManager] Loading server plugin ChatManager v1.21-5
[15:38:28] [Server thread/INFO]: [SinglePlayerSleep] Loading server plugin SinglePlayerSleep v1.16_2.13.53
[15:38:28] [Server thread/INFO]: [DeadChest] Loading server plugin DeadChest v4.21.1
[15:38:29] [Server thread/INFO]: [DeadChest] Worldguard support disabled by user
[15:38:29] [Server thread/INFO]: [SkinsRestorer] Loading server plugin SkinsRestorer v15.5.0
[15:38:29] [Server thread/INFO]: [SpecialPrefix] Loading server plugin SpecialPrefix v1.1e
[15:38:29] [Server thread/INFO]: Server permissions file permissions.yml is empty, ignoring it
[15:38:29] [Server thread/INFO]: [LuckPerms] Enabling LuckPerms v5.4.150
[15:38:29] [Server thread/INFO]:         __    
[15:38:29] [Server thread/INFO]:   |    |__)   LuckPerms v5.4.150
[15:38:29] [Server thread/INFO]:   |___ |      Running on Bukkit - Paper
[15:38:29] [Server thread/INFO]: 
[15:38:29] [Server thread/INFO]: [LuckPerms] Loading configuration...
[15:38:29] [Server thread/INFO]: [LuckPerms] Loading storage provider... [H2]
[15:38:30] [Server thread/INFO]: [LuckPerms] Loading internal permission managers...
[15:38:30] [Server thread/INFO]: [LuckPerms] Performing initial data load...
[15:38:30] [Server thread/INFO]: [LuckPerms] Successfully enabled. (took 1220ms)
[15:38:30] [Server thread/INFO]: [SkinsRestorer] Enabling SkinsRestorer v15.5.0
[15:38:31] [Server thread/WARN]: [SkinsRestorer] You must agree to the rules at 'commands.perSkinPermissionsConsent' in the config to use per skin permissions.
[15:38:32] [Server thread/INFO]: [SkinsRestorer] Running on Minecraft 1.21.0.
[15:38:33] [Server thread/INFO]: [SkinsRestorer] Using paper join listener!
[15:38:33] [Server thread/WARN]: **** SERVER IS RUNNING IN OFFLINE/INSECURE MODE!
[15:38:33] [Server thread/WARN]: The server will make no attempt to authenticate usernames. Beware.
[15:38:33] [Server thread/WARN]: While this makes the game possible to play without internet access, it also opens up the ability for hackers to connect with any username they choose.
[15:38:33] [Server thread/WARN]: To change this, set "online-mode" to "true" in the server.properties file.
[15:38:33] [Server thread/INFO]: Preparing level "world"
[15:38:33] [Folia Async Scheduler Thread #1/INFO]: [SkinsRestorer] ----------------------------------------------
[15:38:33] [Folia Async Scheduler Thread #1/INFO]: [SkinsRestorer]     +==================+
[15:38:33] [Folia Async Scheduler Thread #1/INFO]: [SkinsRestorer]     |   SkinsRestorer  |
[15:38:33] [Folia Async Scheduler Thread #1/INFO]: [SkinsRestorer]     |------------------|
[15:38:33] [Folia Async Scheduler Thread #1/INFO]: [SkinsRestorer]     |  Standalone Mode |
[15:38:33] [Folia Async Scheduler Thread #1/INFO]: [SkinsRestorer]     +==================+
[15:38:33] [Folia Async Scheduler Thread #1/INFO]: [SkinsRestorer] ----------------------------------------------
[15:38:33] [Folia Async Scheduler Thread #1/INFO]: [SkinsRestorer]     Version: 15.5.0
[15:38:33] [Folia Async Scheduler Thread #1/INFO]: [SkinsRestorer]     Commit: ad418e4
[15:38:33] [Folia Async Scheduler Thread #1/INFO]: [SkinsRestorer]     This is the latest version!
[15:38:33] [Folia Async Scheduler Thread #1/INFO]: [SkinsRestorer] ----------------------------------------------
[15:38:33] [Folia Async Scheduler Thread #1/INFO]: [SkinsRestorer] Do you have issues? Read our troubleshooting guide: https://skinsrestorer.net/docs/troubleshooting
[15:38:33] [Folia Async Scheduler Thread #1/INFO]: [SkinsRestorer] Want to support SkinsRestorer? Consider donating: https://skinsrestorer.net/donate
[15:38:33] [Server thread/INFO]: Preparing start region for dimension minecraft:overworld
[15:38:35] [Server thread/INFO]: Time elapsed: 1207 ms
[15:38:35] [Server thread/INFO]: Preparing start region for dimension minecraft:the_nether
[15:38:35] [Server thread/INFO]: Time elapsed: 310 ms
[15:38:35] [Server thread/INFO]: Preparing start region for dimension minecraft:the_end
[15:38:35] [Server thread/INFO]: Time elapsed: 183 ms
[15:38:35] [Server thread/INFO]: [Essentials] Enabling Essentials v2.21.0-dev+151-f2af952
[15:38:36] [Server thread/ERROR]: [Essentials] You are running an unsupported server version!
[15:38:37] [Server thread/INFO]: [Essentials] Attempting to convert old kits in config.yml to new kits.yml
[15:38:37] [Server thread/INFO]: [Essentials] No kits found to migrate.
[15:38:37] [Server thread/INFO]: [Essentials] Loaded 43465 items from items.json.
[15:38:37] [Server thread/INFO]: [Essentials] Using locale en
[15:38:37] [Server thread/INFO]: [Essentials] ServerListPingEvent: Spigot iterator API
[15:38:38] [Server thread/INFO]: [Essentials] Starting Metrics. Opt-out using the global bStats config.
[15:38:38] [Server thread/WARN]: [Essentials] Detected supported permissions plugin LuckPerms without Vault installed.
[15:38:38] [Server thread/WARN]: [Essentials] Features such as chat prefixes/suffixes and group-related functionality will not work until you install Vault.
[15:38:38] [Server thread/INFO]: [Essentials] Using superperms-based permissions.
[15:38:38] [Server thread/INFO]: [ChatManager] Enabling ChatManager v1.21-5
[15:38:38] [Server thread/INFO]: [ChatManager] Copied config.yml because it did not exist...
[15:38:38] [Server thread/INFO]: [ChatManager] Copied Messages.yml because it did not exist...
[15:38:38] [Server thread/INFO]: [ChatManager] Copied bannedwords.yml because it did not exist...
[15:38:38] [Server thread/INFO]: [ChatManager] Copied AutoBroadcast.yml because it did not exist...
[15:38:38] [Server thread/INFO]: [ChatManager] Copied bannedcommands.yml because it did not exist...
[15:38:38] [Server thread/INFO]: [ChatManager] GenericVanish: FOUND
[15:38:38] [Server thread/INFO]: [ChatManager] Vault: NOT FOUND
[15:38:38] [Server thread/INFO]: [ChatManager] PlaceholderAPI: NOT FOUND
[15:38:38] [Server thread/INFO]: [SinglePlayerSleep] Enabling SinglePlayerSleep v1.16_2.13.53
[15:38:38] [Server thread/INFO]: [SinglePlayerSleep] **************************************
[15:38:38] [Server thread/INFO]: [SinglePlayerSleep] v1.16_2.13.53 Loading...
[15:38:38] [Server thread/INFO]: [SinglePlayerSleep] Jar Filename: SinglePlayerSleep-1.16_2.13.53.jar
[15:38:38] [Server thread/INFO]: [SinglePlayerSleep] Server Version: 1.21-130-b1b5d4c (MC: 1.21)
[15:38:38] [Server thread/INFO]: [SinglePlayerSleep] Loading file version checker...
[15:38:38] [Server thread/INFO]: [SinglePlayerSleep] Loading config file...
[15:38:38] [Server thread/INFO]: [SinglePlayerSleep] Loading messages file...
[15:38:38] [Server thread/INFO]: [SinglePlayerSleep] Loading config.yml...
[15:38:38] [Server thread/INFO]: [SinglePlayerSleep] Loading messages.yml...
[15:38:38] [Server thread/INFO]: [SinglePlayerSleep] Checking for updates...
[15:38:38] [Server thread/INFO]: [SinglePlayerSleep] *!*!*!*!*!*!*!*!*!*!*!*!*!*!*!*!*!*!*!*!*!*!*!*!*!*!*!*
[15:38:38] [Server thread/INFO]: [SinglePlayerSleep] * Version is up to date!
[15:38:38] [Server thread/INFO]: [SinglePlayerSleep] * Donate: https://ko-fi.com/joelgodofwar
[15:38:38] [Server thread/INFO]: [SinglePlayerSleep] *!*!*!*!*!*!*!*!*!*!*!*!*!*!*!*!*!*!*!*!*!*!*!*!*!*!*!*
[15:38:38] [Server thread/INFO]: [SinglePlayerSleep] plugins/SinglePlayerSleep/permissions.yml
[15:38:39] [Server thread/INFO]: [SinglePlayerSleep]  v1.16_2.13.53 is ENABLED - Loading took 501 ms.
[15:38:39] [Server thread/INFO]: [DeadChest] Enabling DeadChest v4.21.1
[15:38:39] [Server thread/INFO]: [SpecialPrefix] Enabling SpecialPrefix v1.1e
[15:38:39] [Server thread/INFO]: [SpecialPrefix] Loaded prefix: explorer
[15:38:39] [Server thread/INFO]: [SpecialPrefix] Loaded prefix: miner
[15:38:39] [Server thread/INFO]: [SpecialPrefix] Loaded prefix: mvp
[15:38:39] [Server thread/INFO]: [SpecialPrefix] Loaded prefix: vip
[15:38:39] [Server thread/INFO]: [SpecialPrefix] Loaded prefix: helper
[15:38:39] [Server thread/INFO]: [SpecialPrefix] Loaded prefix: mod
[15:38:39] [Server thread/INFO]: [SpecialPrefix] Loaded prefix: owner
[15:38:39] [Server thread/INFO]: [SpecialPrefix] Loaded badge: smile
[15:38:39] [Server thread/INFO]: [SpecialPrefix] Loaded badge: christmas
[15:38:39] [Server thread/INFO]: [SpecialPrefix] Loaded badge: mvp
[15:38:39] [Server thread/INFO]: [SpecialPrefix] Loaded badge: helper
[15:38:39] [Server thread/INFO]: [SpecialPrefix] Loaded badge: mod
[15:38:39] [Server thread/INFO]: [SpecialPrefix] Loaded badge: owner
[15:38:39] [Server thread/INFO]: [SpecialPrefix] Dynamic Prefix Plugin Enabled
[15:38:39] [Server thread/INFO]: [spark] Starting background profiler...
[15:38:39] [Server thread/INFO]: Done preparing level "world" (6.318s)
[15:38:39] [Server thread/INFO]: Running delayed init tasks
[15:38:39] [Craft Scheduler Thread - 3 - Essentials/INFO]: [Essentials] Fetching version information...
[15:38:39] [Server thread/INFO]: Done (24.489s)! For help, type "help"
[15:38:39] [Server thread/INFO]: Timings Reset
[15:38:58] [User Authenticator #0/INFO]: UUID of player BladePatterson_ is a7c0ced6-10b5-3ebb-b76b-0fcee15adfd6
[15:39:00] [Server thread/INFO]: BladePatterson_ joined the game
[15:39:00] [Server thread/INFO]: BladePatterson_[/127.104.23.9:43411] logged in with entity id 54 at ([world]-61.509990507624266, 64.0, 82.71248331229552)
[15:41:30] [Server thread/INFO]: BladePatterson_ issued server command: /setplayerprefix: specialprefix.admin
[15:41:43] [Server thread/INFO]: BladePatterson_ issued server command: /setplayerprefix BladePatterson_ Owner
[15:41:43] [Server thread/INFO]: [LP] Another command is being executed, waiting for it to finish...
[15:41:43] [luckperms-command-executor/INFO]: [LP] bladepatterson_ had all prefixes at priority 2 removed in context global.
[15:41:43] [luckperms-command-executor/INFO]: [LP] Set prefix.2.&5⭐ &6ᴏᴡɴᴇʀ Owner &7 to true for bladepatterson_ in context global.
[15:41:53] [Async Chat Thread - #0/INFO]: [Not Secure] <BladePatterson_> hola
[15:42:14] [Server thread/INFO]: BladePatterson_ issued server command: /setplayerprefix BladePatterson_ vip
[15:42:14] [Server thread/INFO]: [LP] Another command is being executed, waiting for it to finish...
[15:42:14] [luckperms-command-executor/INFO]: [LP] bladepatterson_ had all prefixes at priority 2 removed in context global.
[15:42:14] [luckperms-command-executor/INFO]: [LP] Set prefix.2.&5⭐ &6ᴏᴡɴᴇʀ vip &7 to true for bladepatterson_ in context global.
[15:42:16] [Server thread/INFO]: BladePatterson_ lost connection: Disconnected
[15:42:16] [Server thread/INFO]: BladePatterson_ left the game
[15:42:20] [User Authenticator #1/INFO]: UUID of player BladePatterson_ is a7c0ced6-10b5-3ebb-b76b-0fcee15adfd6
[15:42:20] [Server thread/INFO]: BladePatterson_ joined the game
[15:42:20] [Server thread/INFO]: BladePatterson_[/127.104.23.9:33255] logged in with entity id 549 at ([world]-63.607331259207136, 64.0, 82.0689547488537)
[15:43:43] [Server thread/INFO]: BladePatterson_ issued server command: /specialprefix BladePatterson_
[15:43:47] [Server thread/INFO]: BladePatterson_ issued server command: /specialprefix reload
[15:43:47] [Server thread/INFO]: [SpecialPrefix] Loaded prefix: explorer
[15:43:47] [Server thread/INFO]: [SpecialPrefix] Loaded prefix: miner
[15:43:47] [Server thread/INFO]: [SpecialPrefix] Loaded prefix: mvp
[15:43:47] [Server thread/INFO]: [SpecialPrefix] Loaded prefix: vip
[15:43:47] [Server thread/INFO]: [SpecialPrefix] Loaded prefix: helper
[15:43:47] [Server thread/INFO]: [SpecialPrefix] Loaded prefix: mod
[15:43:47] [Server thread/INFO]: [SpecialPrefix] Loaded prefix: owner
[15:43:47] [Server thread/INFO]: [SpecialPrefix] Loaded badge: smile
[15:43:47] [Server thread/INFO]: [SpecialPrefix] Loaded badge: christmas
[15:43:47] [Server thread/INFO]: [SpecialPrefix] Loaded badge: mvp
[15:43:47] [Server thread/INFO]: [SpecialPrefix] Loaded badge: helper
[15:43:47] [Server thread/INFO]: [SpecialPrefix] Loaded badge: mod
[15:43:47] [Server thread/INFO]: [SpecialPrefix] Loaded badge: owner
[15:43:47] [Server thread/INFO]: [SpecialPrefix] Configuration reloaded by BladePatterson_
[15:43:55] [Server thread/INFO]: BladePatterson_ issued server command: /specialprefix:setplayerprefix BladePatterson_ owner
[15:44:01] [Server thread/INFO]: BladePatterson_ issued server command: /specialprefix:setplayerprefix BladePatterson_ Owner
[15:44:12] [Server thread/INFO]: BladePatterson_ has made the advancement [Monster Hunter]
[15:44:15] [Server thread/INFO]: BladePatterson_ lost connection: Disconnected
[15:44:15] [Server thread/INFO]: BladePatterson_ left the game
[15:45:05] [Server thread/INFO]: CONSOLE: Are you sure you wish to reload your server? Doing so may cause bugs and memory leaks. It is recommended to restart instead of using /reload. To confirm, please type /reload confirm
[15:45:19] [Server thread/INFO]: CONSOLE: Please note that this command is not supported and may cause issues when using some plugins.
[15:45:19] [Server thread/INFO]: CONSOLE: If you encounter any issues please use the /stop command to restart your server.
[15:45:19] [Server thread/INFO]: Server Ping Player Sample Count: 12
[15:45:19] [Server thread/INFO]: Using 4 threads for Netty based IO
[15:45:19] [Server thread/INFO]: [SpecialPrefix] Disabling SpecialPrefix v1.1e
[15:45:19] [Server thread/INFO]: [SpecialPrefix] Dynamic Prefix Plugin Disabled
[15:45:19] [Server thread/INFO]: [SkinsRestorer] Disabling SkinsRestorer v15.5.0
[15:45:19] [Server thread/INFO]: [DeadChest] Disabling DeadChest v4.21.1
[15:45:19] [Server thread/INFO]: [SinglePlayerSleep] Disabling SinglePlayerSleep v1.16_2.13.53
[15:45:19] [Server thread/INFO]: [SinglePlayerSleep]  v1.16_2.13.53 is DISABLED
[15:45:19] [Server thread/INFO]: [ChatManager] Disabling ChatManager v1.21-5
[15:45:19] [Server thread/INFO]: [Essentials] Disabling Essentials v2.21.0-dev+151-f2af952
[15:45:19] [Server thread/ERROR]: [Essentials] There's a good chance you're reloading your server right now. If that's the case, why do you hate yourself? Expect no support from the EssentialsX team when using /reload.
[15:45:19] [Server thread/INFO]: [LuckPerms] Disabling LuckPerms v5.4.150
[15:45:19] [Server thread/INFO]: [LuckPerms] Starting shutdown process...
[15:45:19] [Server thread/INFO]: [LuckPerms] Closing storage...
[15:45:19] [Server thread/INFO]: [LuckPerms] Goodbye!
[15:45:19] [Server thread/INFO]: Loaded 1290 recipes
[15:45:19] [Server thread/INFO]: Loaded 1399 advancements
[15:45:20] [Server thread/INFO]: [PluginInitializerManager] Initializing plugins...
[15:45:20] [Paper Plugin Remapper Thread - 2/INFO]: [PluginRemapper] Remapping plugin 'plugins/DailyReward-2.7.0.jar'...
[15:45:20] [Paper Plugin Remapper Thread - 3/INFO]: [PluginRemapper] Remapping plugin 'plugins/TAB v5.0.3.jar'...
[15:45:20] [Paper Plugin Remapper Thread - 2/INFO]: [PluginRemapper] Done remapping plugin 'plugins/DailyReward-2.7.0.jar' in 446ms.
[15:45:20] [Paper Plugin Remapper Thread - 3/INFO]: [PluginRemapper] Done remapping plugin 'plugins/TAB v5.0.3.jar' in 569ms.
[15:45:20] [Server thread/INFO]: [PluginInitializerManager] Initialized 9 plugins
[15:45:20] [Server thread/INFO]: [PluginInitializerManager] Bukkit plugins (9):
 - ChatManager (1.21-5), DailyRewards (2.7.0), DeadChest (4.21.1), Essentials (2.21.0-dev+151-f2af952), LuckPerms (5.4.150), SinglePlayerSleep (1.16_2.13.53), SkinsRestorer (15.5.0), SpecialPrefix (1.1e), TAB (5.0.3)
[15:45:20] [Server thread/INFO]: [LuckPerms] Loading server plugin LuckPerms v5.4.150
[15:45:21] [Server thread/INFO]: [Essentials] Loading server plugin Essentials v2.21.0-dev+151-f2af952
[15:45:21] [Server thread/INFO]: [ChatManager] Loading server plugin ChatManager v1.21-5
[15:45:21] [Server thread/INFO]: [SinglePlayerSleep] Loading server plugin SinglePlayerSleep v1.16_2.13.53
[15:45:21] [Server thread/INFO]: [DeadChest] Loading server plugin DeadChest v4.21.1
[15:45:21] [Server thread/INFO]: [DeadChest] Worldguard support disabled by user
[15:45:21] [Server thread/INFO]: [TAB] Loading server plugin TAB v5.0.3
[15:45:21] [Server thread/INFO]: [SkinsRestorer] Loading server plugin SkinsRestorer v15.5.0
[15:45:21] [Server thread/INFO]: [DailyRewards] Loading server plugin DailyRewards v2.7.0
[15:45:21] [Server thread/INFO]: [SpecialPrefix] Loading server plugin SpecialPrefix v1.1e
[15:45:21] [Server thread/INFO]: Server permissions file permissions.yml is empty, ignoring it
[15:45:21] [Server thread/INFO]: [LuckPerms] Enabling LuckPerms v5.4.150
[15:45:21] [Server thread/INFO]:         __    
[15:45:21] [Server thread/INFO]:   |    |__)   LuckPerms v5.4.150
[15:45:21] [Server thread/INFO]:   |___ |      Running on Bukkit - Paper
[15:45:21] [Server thread/INFO]: 
[15:45:21] [Server thread/INFO]: [LuckPerms] Loading configuration...
[15:45:21] [Server thread/INFO]: [LuckPerms] Loading storage provider... [H2]
[15:45:21] [Server thread/INFO]: [LuckPerms] Loading internal permission managers...
[15:45:21] [Server thread/INFO]: [LuckPerms] Performing initial data load...
[15:45:21] [Server thread/INFO]: [LuckPerms] Successfully enabled. (took 847ms)
[15:45:21] [Server thread/INFO]: [SkinsRestorer] Enabling SkinsRestorer v15.5.0
[15:45:22] [Server thread/ERROR]: [SkinsRestorer] SkinsRestorer was already loaded in this JVM. You must've used a plugin like PlugMan to reload it. This is not supported and will cause issues with the plugin! Please restart your server to reload the plugin properly.
[15:45:22] [Server thread/WARN]: [SkinsRestorer] You must agree to the rules at 'commands.perSkinPermissionsConsent' in the config to use per skin permissions.
[15:45:23] [Server thread/INFO]: [SkinsRestorer] Running on Minecraft 1.21.0.
[15:45:24] [Server thread/INFO]: [SkinsRestorer] Using paper join listener!
[15:45:24] [Server thread/INFO]: [Essentials] Enabling Essentials v2.21.0-dev+151-f2af952
[15:45:24] [Folia Async Scheduler Thread #3/INFO]: [SkinsRestorer] ----------------------------------------------
[15:45:24] [Folia Async Scheduler Thread #3/INFO]: [SkinsRestorer]     +==================+
[15:45:24] [Folia Async Scheduler Thread #3/INFO]: [SkinsRestorer]     |   SkinsRestorer  |
[15:45:24] [Folia Async Scheduler Thread #3/INFO]: [SkinsRestorer]     |------------------|
[15:45:24] [Folia Async Scheduler Thread #3/INFO]: [SkinsRestorer]     |  Standalone Mode |
[15:45:24] [Folia Async Scheduler Thread #3/INFO]: [SkinsRestorer]     +==================+
[15:45:24] [Folia Async Scheduler Thread #3/INFO]: [SkinsRestorer] ----------------------------------------------
[15:45:24] [Folia Async Scheduler Thread #3/INFO]: [SkinsRestorer]     Version: 15.5.0
[15:45:24] [Folia Async Scheduler Thread #3/INFO]: [SkinsRestorer]     Commit: ad418e4
[15:45:24] [Folia Async Scheduler Thread #3/INFO]: [SkinsRestorer]     This is the latest version!
[15:45:24] [Folia Async Scheduler Thread #3/INFO]: [SkinsRestorer] ----------------------------------------------
[15:45:24] [Folia Async Scheduler Thread #3/INFO]: [SkinsRestorer] Do you have issues? Read our troubleshooting guide: https://skinsrestorer.net/docs/troubleshooting
[15:45:24] [Folia Async Scheduler Thread #3/INFO]: [SkinsRestorer] Want to support SkinsRestorer? Consider donating: https://skinsrestorer.net/donate
[15:45:25] [Server thread/ERROR]: [Essentials] You are running an unsupported server version!
[15:45:25] [Server thread/INFO]: [Essentials] Attempting to convert old kits in config.yml to new kits.yml
[15:45:25] [Server thread/INFO]: [Essentials] No kits found to migrate.
[15:45:25] [Server thread/INFO]: [Essentials] Loaded 43465 items from items.json.
[15:45:25] [Server thread/INFO]: [Essentials] Using locale en
[15:45:25] [Server thread/INFO]: [Essentials] ServerListPingEvent: Spigot iterator API
[15:45:25] [Server thread/INFO]: [Essentials] Starting Metrics. Opt-out using the global bStats config.
[15:45:25] [Server thread/WARN]: [Essentials] Detected supported permissions plugin LuckPerms without Vault installed.
[15:45:25] [Server thread/WARN]: [Essentials] Features such as chat prefixes/suffixes and group-related functionality will not work until you install Vault.
[15:45:25] [Server thread/INFO]: [Essentials] Using superperms-based permissions.
[15:45:25] [Server thread/INFO]: [ChatManager] Enabling ChatManager v1.21-5
[15:45:25] [Server thread/INFO]: [ChatManager] Loading the file config.yml...
[15:45:25] [Server thread/INFO]: [ChatManager] Loading the file Messages.yml...
[15:45:25] [Server thread/INFO]: [ChatManager] Loading the file bannedwords.yml...
[15:45:25] [Server thread/INFO]: [ChatManager] Loading the file AutoBroadcast.yml...
[15:45:25] [Server thread/INFO]: [ChatManager] Loading the file bannedcommands.yml...
[15:45:25] [Server thread/INFO]: [ChatManager] GenericVanish: FOUND
[15:45:25] [Server thread/INFO]: [ChatManager] Vault: NOT FOUND
[15:45:25] [Server thread/INFO]: [ChatManager] PlaceholderAPI: NOT FOUND
[15:45:26] [Server thread/INFO]: [SinglePlayerSleep] Enabling SinglePlayerSleep v1.16_2.13.53
[15:45:26] [Server thread/INFO]: [SinglePlayerSleep] **************************************
[15:45:26] [Server thread/INFO]: [SinglePlayerSleep] v1.16_2.13.53 Loading...
[15:45:26] [Server thread/INFO]: [SinglePlayerSleep] Jar Filename: SinglePlayerSleep-1.16_2.13.53.jar
[15:45:26] [Server thread/INFO]: [SinglePlayerSleep] Server Version: 1.21-130-b1b5d4c (MC: 1.21)
[15:45:26] [Server thread/INFO]: [SinglePlayerSleep] Loading file version checker...
[15:45:26] [Server thread/INFO]: [SinglePlayerSleep] Loading config file...
[15:45:26] [Server thread/INFO]: [SinglePlayerSleep] Loading messages file...
[15:45:26] [Server thread/INFO]: [SinglePlayerSleep] Loading config.yml...
[15:45:26] [Server thread/INFO]: [SinglePlayerSleep] Loading messages.yml...
[15:45:26] [Server thread/INFO]: [SinglePlayerSleep] Checking for updates...
[15:45:26] [Server thread/INFO]: [SinglePlayerSleep] *!*!*!*!*!*!*!*!*!*!*!*!*!*!*!*!*!*!*!*!*!*!*!*!*!*!*!*
[15:45:26] [Server thread/INFO]: [SinglePlayerSleep] * Version is up to date!
[15:45:26] [Server thread/INFO]: [SinglePlayerSleep] * Donate: https://ko-fi.com/joelgodofwar
[15:45:26] [Server thread/INFO]: [SinglePlayerSleep] *!*!*!*!*!*!*!*!*!*!*!*!*!*!*!*!*!*!*!*!*!*!*!*!*!*!*!*
[15:45:26] [Server thread/INFO]: [SinglePlayerSleep] plugins/SinglePlayerSleep/permissions.yml
[15:45:26] [Server thread/INFO]: [SinglePlayerSleep]  v1.16_2.13.53 is ENABLED - Loading took 308 ms.
[15:45:26] [Server thread/INFO]: [DeadChest] Enabling DeadChest v4.21.1
[15:45:26] [Server thread/INFO]: [TAB] Enabling TAB v5.0.3
[15:45:26] [Server thread/INFO]: [TAB] Loaded NMS hook in 54ms
[15:45:27] [Server thread/INFO]: [TAB] Enabled in 577ms
[15:45:27] [Server thread/INFO]: [DailyRewards] Enabling DailyRewards v2.7.0
[15:45:27] [Server thread/INFO]: [DailyRewards] BStatsHook has been registered.
[15:45:27] [Server thread/INFO]: [DailyRewards] Resource lang/English.yml successfully copied.
[15:45:27] [Server thread/INFO]: [DailyRewards] Resource lang/Czech.yml successfully copied.
[15:45:27] [Server thread/INFO]: [DailyRewards] Resource lang/Chinese.yml successfully copied.
[15:45:27] [Server thread/INFO]: [DailyRewards] Resource lang/French.yml successfully copied.
[15:45:27] [Server thread/INFO]: [DailyRewards] Resource lang/Portuguese.yml successfully copied.
[15:45:27] [Server thread/INFO]: [DailyRewards] Resource lang/Romanian.yml successfully copied.
[15:45:27] [Server thread/INFO]: [DailyRewards] Resource lang/German.yml successfully copied.
[15:45:27] [Server thread/INFO]: [DailyRewards] Resource lang/Polish.yml successfully copied.
[15:45:27] [Server thread/INFO]: [DailyRewards] Resource lang/Russian.yml successfully copied.
[15:45:27] [Server thread/INFO]: [DailyRewards] Resource lang/Turkish.yml successfully copied.
[15:45:27] [Server thread/INFO]: [DailyRewards] Resource lang/Spanish.yml successfully copied.
[15:45:27] [Server thread/INFO]: [DailyRewards] Resource lang/Finnish.yml successfully copied.
[15:45:27] [Server thread/INFO]:  
[15:45:27] [Server thread/INFO]:  
[15:45:27] [Server thread/INFO]:  
[15:45:27] [Server thread/INFO]: [DailyRewards] Unleash the full potential of DailyRewards by upgrading to ULTIMATE!
[15:45:27] [Server thread/INFO]: [DailyRewards] Get it from https://bit.ly/ultimate-rewards
[15:45:27] [Server thread/INFO]:  
[15:45:27] [Server thread/INFO]:  
[15:45:27] [Server thread/INFO]:  
[15:45:27] [Server thread/INFO]: [SpecialPrefix] Enabling SpecialPrefix v1.1e
[15:45:27] [Server thread/INFO]: [SpecialPrefix] Loaded prefix: explorer
[15:45:27] [Server thread/INFO]: [SpecialPrefix] Loaded prefix: miner
[15:45:27] [Server thread/INFO]: [SpecialPrefix] Loaded prefix: mvp
[15:45:27] [Server thread/INFO]: [SpecialPrefix] Loaded prefix: vip
[15:45:27] [Server thread/INFO]: [SpecialPrefix] Loaded prefix: helper
[15:45:27] [Server thread/INFO]: [SpecialPrefix] Loaded prefix: mod
[15:45:27] [Server thread/INFO]: [SpecialPrefix] Loaded prefix: owner
[15:45:27] [Server thread/INFO]: [SpecialPrefix] Loaded badge: smile
[15:45:27] [Server thread/INFO]: [SpecialPrefix] Loaded badge: christmas
[15:45:27] [Server thread/INFO]: [SpecialPrefix] Loaded badge: mvp
[15:45:27] [Server thread/INFO]: [SpecialPrefix] Loaded badge: helper
[15:45:27] [Server thread/INFO]: [SpecialPrefix] Loaded badge: mod
[15:45:27] [Server thread/INFO]: [SpecialPrefix] Loaded badge: owner
[15:45:27] [Server thread/INFO]: [SpecialPrefix] Dynamic Prefix Plugin Enabled
[15:45:27] [Server thread/INFO]: CONSOLE: Reload complete.
[15:45:27] [Server thread/WARN]: Can't keep up! Is the server overloaded? Running 8241ms or 164 ticks behind
[15:45:27] [Server thread/INFO]: Timings Reset
[15:45:27] [Craft Scheduler Thread - 10 - Essentials/INFO]: [Essentials] Fetching version information...
[15:45:27] [Craft Scheduler Thread - 11 - DailyRewards/INFO]: [DailyRewards] You are running the latest release (2.7.0).
[15:45:39] [User Authenticator #2/INFO]: UUID of player BladePatterson_ is a7c0ced6-10b5-3ebb-b76b-0fcee15adfd6
[15:45:40] [Server thread/INFO]: BladePatterson_ joined the game
[15:45:40] [Server thread/INFO]: BladePatterson_[/127.104.23.9:43305] logged in with entity id 748 at ([world]-73.32234426585623, 63.0, 83.75175327138183)
[15:46:01] [Server thread/INFO]: BladePatterson_ issued server command: /specialprefix:specialprefix BladePatterson_
[15:46:27] [Server thread/INFO]: BladePatterson_ issued server command: /god
